Updates found between 2025-01-28T2302_Canvas-COT5930_012_16128.csv (old) and 2025-01-31T1909_Canvas-COT5930_012_16128.csv (new):
Student: Abad, Adriel Marie
  Project 1: Community Board (2205060): 0.0 -> 14.0

Student: Abdallah, Khalid
  Project 1: Community Board (2205060): 0.0 -> 12.0

Student: Adda, Jakob
  Project 1: Community Board (2205060): 0.0 -> 13.0

Student: Agarwal, Avi
  Project 1: Community Board (2205060): 0.0 -> 13.0

Student: Allen, Imani
  Project 1: Community Board (2205060): 0.0 -> 13.0

Student: Allred, Thomas
  Project 1: Community Board (2205060): 0.0 -> 13.0

Student: Ankur, Siddartha Reddy
  Project 1: Community Board (2205060): 0.0 -> 14.0

Student: Antoine, Eli
  Project 1: Community Board (2205060): 0.0 -> 13.0

Student: Arutla, Shreya
  Project 1: Community Board (2205060): 0.0 -> 13.0

Student: Baldeo, Tristan
  Project 1: Community Board (2205060): 0.0 -> 14.0

Student: Barhoumeh, Ibrahim
  Project 1: Community Board (2205060): 0.0 -> 14.0

Student: Baro Villa, Anika
  Project 1: Community Board (2205060): 0.0 -> 14.0

Student: Bazemore, Gradey
  Project 1: Community Board (2205060): 0.0 -> 13.0

Student: Begum, Suraya
  Project 1: Community Board (2205060): 0.0 -> 13.0

Student: Bertrand, Vinceline
  Project 1: Community Board (2205060): 0.0 -> 13.0

Student: Betances, Rodrigo
  Project 1: Community Board (2205060): 0.0 -> 13.0

Student: Bhuiya, Tahim
  Project 1: Community Board (2205060): 0.0 -> 14.0

Student: Boyden, Nathan
  Project 1: Community Board (2205060): 0.0 -> 13.0

Student: Brantley, Tabbie
  Project 1: Community Board (2205060): 0.0 -> 13.0

Student: Caceres, Luis
  Project 1: Community Board (2205060): 0.0 -> 13.0

Student: Carmichael, Clifford
  Project 1: Community Board (2205060): 0.0 -> 14.0

Student: Carrillo, Anderson
  Project 1: Community Board (2205060): 0.0 -> 13.0

Student: Chavez, Raul
  Project 1: Community Board (2205060): 0.0 -> 14.0

Student: Chen, Sunny
  Project 1: Community Board (2205060): 0.0 -> 13.0

Student: Chintapatla, Sai Praneeth
  Project 1: Community Board (2205060): 0.0 -> 13.0

Student: Crovetto, Giannfranco
  Project 1: Community Board (2205060): 0.0 -> 13.0

Student: Cuadra, Maria
  Project 1: Community Board (2205060): 0.0 -> 13.0

Student: Dang, Nolan
  Project 1: Community Board (2205060): 0.0 -> 13.0

Student: De Jesus, Edward
  Project 1: Community Board (2205060): 0.0 -> 14.0

Student: Desir, Stacy
  Project 1: Community Board (2205060): 0.0 -> 13.0

Student: Devasia, Justine
  Project 1: Community Board (2205060): 0.0 -> 14.0

Student: Dorcinvil, Tatyana
  Project 1: Community Board (2205060): 0.0 -> 13.0

Student: Downing, Cole
  Project 1: Community Board (2205060): 0.0 -> 13.0

Student: Duffus, Tremayne
  Project 1: Community Board (2205060): 0.0 -> 14.0

Student: Duncan, Carla
  Project 1: Community Board (2205060): 0.0 -> 13.0

Student: English, Aaliyah
  Project 1: Community Board (2205060): 0.0 -> 13.0

Student: Erten, Eren
  Project 1: Community Board (2205060): 0.0 -> 13.0

Student: Faisal, Abir
  Project 1: Community Board (2205060): 0.0 -> 13.0

Student: Fernandes, Caio
  Project 1: Community Board (2205060): 0.0 -> 13.0

Student: Ferrante, Victoria
  Project 1: Community Board (2205060): 0.0 -> 13.0

Student: Foster, Anna-Maria
  Project 1: Community Board (2205060): 0.0 -> 13.0

Student: Georges, Firas
  Project 1: Community Board (2205060): 0.0 -> 13.0

Student: Gitlin, Daniel
  Project 1: Community Board (2205060): 0.0 -> 12.0

Student: Gomez, Alec
  Project 1: Community Board (2205060): 0.0 -> 14.0

Student: Gonzalez, Jose
  Project 1: Community Board (2205060): 0.0 -> 12.0

Student: Gorycki, Kyle
  Project 1: Community Board (2205060): 0.0 -> 14.0

Student: Grossman Gerlach, Sam
  Project 1: Community Board (2205060): 0.0 -> 13.0

Student: Guder, Tutku Gizem
  Project 1: Community Board (2205060): 0.0 -> 13.0

Student: Gumowitz, Allison
  Project 1: Community Board (2205060): 0.0 -> 12.0

Student: Hall, Lauren
  Project 1: Community Board (2205060): 0.0 -> 13.0

Student: Hamitou, Abraham
  Project 1: Community Board (2205060): 0.0 -> 14.0

Student: Harrison, Austin
  Project 1: Community Board (2205060): 0.0 -> 13.0

Student: Henao, Matthew
  Project 1: Community Board (2205060): 0.0 -> 13.0

Student: Hernandez, Jose
  Project 1: Community Board (2205060): 0.0 -> 13.0

Student: Hezel, Karl
  Project 1: Community Board (2205060): 0.0 -> 13.0

Student: Hirsch, Jordan
  Project 1: Community Board (2205060): 0.0 -> 13.0

Student: Houraney, Amarra
  Project 1: Community Board (2205060): 0.0 -> 13.0

Student: Isaraphanich, Justin
  Project 1: Community Board (2205060): 0.0 -> 13.0

Student: Isley, P
  Project 1: Community Board (2205060): 0.0 -> 13.0

Student: Jaffin, George
  Project 1: Community Board (2205060): 0.0 -> 13.0

Student: Jhagroosingh, Rudra
  Project 1: Community Board (2205060): 0.0 -> 14.0

Student: Jimenez, Aron
  Project 1: Community Board (2205060): 0.0 -> 6.0

Student: Kahn, Jacob
  Project 1: Community Board (2205060): 0.0 -> 13.0

Student: Karim, Manisha
  Project 1: Community Board (2205060): 0.0 -> 14.0

Student: Kdyrkhan, Temirlan
  Project 1: Community Board (2205060): 0.0 -> 14.0

Student: Koshkin, Ivan
  Project 1: Community Board (2205060): 0.0 -> 14.0

Student: Ladanowski, Jeremy
  Project 1: Community Board (2205060): 0.0 -> 14.0

Student: Lakhani, Aryan
  Project 1: Community Board (2205060): 0.0 -> 13.0

Student: Larson, Ty
  Project 1: Community Board (2205060): 0.0 -> 12.0

Student: Lee, Todd
  Project 1: Community Board (2205060): 0.0 -> 13.0

Student: Lenzi, Nohea
  Project 1: Community Board (2205060): 0.0 -> 13.0

Student: Levi, James
  Project 1: Community Board (2205060): 0.0 -> 13.0

Student: Liesenfelt, Dylan
  Project 1: Community Board (2205060): 0.0 -> 14.0

Student: Liew, Yi Yang
  Project 1: Community Board (2205060): 0.0 -> 14.0

Student: Mantese Masegosa, Pedro
  Project 1: Community Board (2205060): 0.0 -> 14.0

Student: Martinez, Luisa
  Project 1: Community Board (2205060): 0.0 -> 13.0

Student: Martinez, Will
  Project 1: Community Board (2205060): 0.0 -> 14.0

Student: Mckinley, Duncan
  Project 1: Community Board (2205060): 0.0 -> 13.0

Student: Mcmahon, Sean
  Project 1: Community Board (2205060): 0.0 -> 14.0

Student: Mekala, Navyanth
  Project 1: Community Board (2205060): 0.0 -> 14.0

Student: Miller, Faraji
  Project 1: Community Board (2205060): 0.0 -> 13.0

Student: Morales-Velasquez, Guilmar
  Project 1: Community Board (2205060): 0.0 -> 13.0

Student: Morvan, Caleb
  Project 1: Community Board (2205060): 0.0 -> 13.0

Student: Mostovyy, Maksym
  Project 1: Community Board (2205060): 0.0 -> 14.0

Student: Munoz Avila, Alejandro
  Project 1: Community Board (2205060): 0.0 -> 14.0

Student: Myrie-Lowe, Micahela
  Project 1: Community Board (2205060): 0.0 -> 13.0

Student: Nembhard, Giovanni
  Project 1: Community Board (2205060): 0.0 -> 13.0

Student: Nhan, Phuc
  Project 1: Community Board (2205060): 0.0 -> 14.0

Student: Nikirk, Alex
  Project 1: Community Board (2205060): 0.0 -> 14.0

Student: Nogueira, Lemuel
  Project 1: Community Board (2205060): 0.0 -> 13.0

Student: Ou, Heng Yu
  Project 1: Community Board (2205060): 0.0 -> 13.0

Student: Patel, Khushi
  Project 1: Community Board (2205060): 0.0 -> 13.0

Student: Patrician, Erin
  Project 1: Community Board (2205060): 0.0 -> 13.0

Student: Pelissier, Teresa
  Project 1: Community Board (2205060): 0.0 -> 13.0

Student: Perdomo Rosas, Andres
  Project 1: Community Board (2205060): 0.0 -> 14.0

Student: Perez Hvala, Kaia
  Project 1: Community Board (2205060): 0.0 -> 13.0

Student: Phicien, Ralph
  Project 1: Community Board (2205060): 0.0 -> 13.0

Student: Poveda, Saul
  Project 1: Community Board (2205060): 0.0 -> 13.0

Student: Powers, Ethan
  Project 1: Community Board (2205060): 0.0 -> 12.0

Student: Pulecio, Savana
  Project 1: Community Board (2205060): 0.0 -> 13.0

Student: Rajko, Anton
  Project 1: Community Board (2205060): 0.0 -> 14.0

Student: Ramnarine, Arshad
  Project 1: Community Board (2205060): 0.0 -> 14.0

Student: Ravulapenta, Vijay
  Project 1: Community Board (2205060): 0.0 -> 14.0

Student: Reece, Mark
  Project 1: Community Board (2205060): 0.0 -> 14.0

Student: Renteria, Jermy
  Project 1: Community Board (2205060): 0.0 -> 13.0

Student: Rey, Mateo
  Project 1: Community Board (2205060): 0.0 -> 14.0

Student: Rhodes, Marcus
  Project 1: Community Board (2205060): 0.0 -> 13.0

Student: Roberts, Natalie
  Project 1: Community Board (2205060): 0.0 -> 14.0

Student: Rodriguez, Gustavo
  Project 1: Community Board (2205060): 0.0 -> 14.0

Student: Rodriguez, Kariam
  Project 1: Community Board (2205060): 0.0 -> 13.0

Student: Ruiz, Kenley
  Project 1: Community Board (2205060): 0.0 -> 14.0

Student: Sabu, Bezalel
  Project 1: Community Board (2205060): 0.0 -> 13.0

Student: Saenz, Stephanie
  Project 1: Community Board (2205060): 0.0 -> 13.0

Student: Sanchez, Nicholas
  Project 1: Community Board (2205060): 0.0 -> 13.0

Student: Sengupta, Rudrajit
  Project 1: Community Board (2205060): 0.0 -> 14.0

Student: Shaw, Dane
  Project 1: Community Board (2205060): 0.0 -> 13.0

Student: Shehata, Adam
  Project 1: Community Board (2205060): 0.0 -> 13.0

Student: Smith, Eric
  Project 1: Community Board (2205060): 0.0 -> 14.0

Student: Smith, Kayla
  Project 1: Community Board (2205060): 0.0 -> 13.0

Student: Solms, Schyla
  Project 1: Community Board (2205060): 0.0 -> 13.0

Student: Stearn, Connor
  Project 1: Community Board (2205060): 0.0 -> 13.0

Student: Talapaneni, Rukesh
  Project 1: Community Board (2205060): 0.0 -> 14.0

Student: Taylor, Matthew
  Project 1: Community Board (2205060): 0.0 -> 13.0

Student: Telcy, Anne
  Project 1: Community Board (2205060): 0.0 -> 13.0

Student: Tertus, Alexander
  Project 1: Community Board (2205060): 0.0 -> 13.0

Student: Thaw, Joshua
  Project 1: Community Board (2205060): 0.0 -> 14.0

Student: Thomas, Meghan
  Project 1: Community Board (2205060): 0.0 -> 14.0

Student: Unger, Juliana
  Project 1: Community Board (2205060): 0.0 -> 12.0

Student: Valencia Pulido, Scarlett
  Project 1: Community Board (2205060): 0.0 -> 14.0

Student: Van, Alicia
  Project 1: Community Board (2205060): 0.0 -> 14.0

Student: VanMetre, Paul
  Project 1: Community Board (2205060): 0.0 -> 14.0

Student: Vega, Nelson
  Project 1: Community Board (2205060): 0.0 -> 14.0

Student: Vennoj, Bhargav
  Project 1: Community Board (2205060): 0.0 -> 13.0

Student: Vu, Davin
  Project 1: Community Board (2205060): 0.0 -> 13.0

Student: Weller, Sean
  Project 1: Community Board (2205060): 0.0 -> 12.0

Student: White, Matthew
  Project 1: Community Board (2205060): 0.0 -> 14.0

Student: Williams, Seth
  Project 1: Community Board (2205060): 0.0 -> 13.0

Student: Yakov, Noam
  Project 1: Community Board (2205060): 0.0 -> 13.0

